12:26:00.062 INFO  cron job executed 
12:26:01.971 INFO  Aerial-Cactus-Identification inserted 
12:26:02.129 INFO  CodeForces inserted 
12:26:02.284 INFO  first-contributions inserted 
12:26:02.440 INFO  Goa-Guide inserted 
12:26:02.597 INFO  guvi inserted 
12:26:02.752 INFO  Hello_world inserted 
12:26:02.908 INFO  iamkabilan.github.io inserted 
12:26:03.073 INFO  iamtrask.github.io inserted 
12:26:03.257 INFO  interview_problems inserted 
12:26:03.416 INFO  ml_basics inserted 
12:26:03.571 INFO  ml_models inserted 
12:26:03.727 INFO  Neural-Style-Transfer-using-pytorch inserted 
12:26:03.881 INFO  NodeJS inserted 
12:26:04.036 INFO  private-ai inserted 
12:26:04.192 INFO  private-ai-resources inserted 
12:26:04.348 INFO  project-x inserted 
12:26:04.503 INFO  train-test-split inserted 
12:26:04.656 INFO  Transfer_learning_using_pytorch inserted 
12:26:06.198 INFO  algorithms inserted 
12:26:06.353 INFO  BIKAYI-Task inserted 
12:26:06.507 INFO  BMI-cal inserted 
12:26:06.663 INFO  Demo inserted 
12:26:06.818 INFO  exeter-coding-challeng inserted 
12:26:06.972 INFO  FIZZ-BUZZ inserted 
12:26:07.127 INFO  Form inserted 
12:26:07.281 INFO  HTML-Table inserted 
12:26:07.437 INFO  image-recreation inserted 
12:26:07.590 INFO  internship-test inserted 
12:26:07.743 INFO  interview inserted 
12:26:07.898 INFO  kabilan inserted 
12:26:08.053 INFO  kabilan2.0 inserted 
12:26:08.211 INFO  lab-brrrgrrr inserted 
12:26:08.365 INFO  lab-chocolate-dispenser inserted 
12:26:08.518 INFO  lab-cricpro-scoreboard inserted 
12:26:08.672 INFO  lab-javascript-functions-and-arrays inserted 
12:26:08.827 INFO  lab-javascript-oops-blog inserted 
12:26:08.984 INFO  lab-js-prograd-expense-tracker inserted 
12:26:09.138 INFO  lab-js-regex inserted 
12:26:09.295 INFO  lab-mongodb-query-document-1 inserted 
12:26:09.449 INFO  lab-mongodb-query-document-2 inserted 
12:26:09.602 INFO  lab-node-api-pro-celebrities inserted 
12:26:09.758 INFO  lab-node-api-pro-users inserted 
12:26:09.912 INFO  lab-node-api-sub-document inserted 
12:26:10.067 INFO  lab-node-express-getting-started inserted 
12:26:10.220 INFO  lab-node-file-operations inserted 
12:26:10.373 INFO  lab-node-getting-started inserted 
12:26:10.535 INFO  lab-node-passport-google-authentication inserted 
12:26:10.688 INFO  lab-prograd-premier-league inserted 
12:26:10.688 INFO  cron job completed 
